CSharpModel/mobile/Android/SDLogin/build/outputs/logs/manifest-merger-debug-report.txt
-- Merging decision tree log ---
manifest
ADDED from src\main\AndroidManifest.xml:2:1-39:12
INJECTED from src\main\AndroidManifest.xml:2:1-39:12
INJECTED from src\main\AndroidManifest.xml:2:1-39:12
INJECTED from src\main\AndroidManifest.xml:2:1-39:12
MERGED from [com.genexus:FlexibleClient:1.0] AndroidManifest.xml:2:1-103:12
MERGED from [com.genexus:SqlDroidBase:1.0] AndroidManifest.xml:2:1-12:12
MERGED from [com.android.support:design:27.0.2] AndroidManifest.xml:17:1-22:12
MERGED from [com.android.support:appcompat-v7:27.0.2] AndroidManifest.xml:17:1-22:12
MERGED from [com.android.support:customtabs:27.0.2] AndroidManifest.xml:17:1-22:12
MERGED from [com.google.android.gms:play-services-gcm:11.4.0] AndroidManifest.xml:16:1-24:12
MERGED from [com.google.android.gms:play-services-location:11.4.0] AndroidManifest.xml:2:1-5:12
MERGED from [com.google.android.gms:play-services-places:11.4.0] AndroidManifest.xml:16:1-19:12
MERGED from [com.google.android.gms:play-services-maps:11.4.0] AndroidManifest.xml:16:1-25:12
MERGED from [com.google.android.gms:play-services-iid:11.4.0] AndroidManifest.xml:16:1-24:12
MERGED from [com.google.android.gms:play-services-base:11.4.0] AndroidManifest.xml:16:1-21:12
MERGED from [com.google.android:flexbox:0.3.0] AndroidManifest.xml:17:1-27:12
MERGED from [com.github.square.picasso:picasso:a2dd8804c6] AndroidManifest.xml:2:1-14:12
MERGED from [com.makeramen:roundedimageview:2.0.1] AndroidManifest.xml:2:1-11:12
MERGED from [com.google.android.gms:play-services-tasks:11.4.0] AndroidManifest.xml:2:1-5:12
MERGED from [com.google.android.gms:play-services-basement:11.4.0] AndroidManifest.xml:16:1-23:12
MERGED from [com.android.support:support-v4:27.0.2] AndroidManifest.xml:17:1-22:12
MERGED from [com.android.support:support-fragment:27.0.2] AndroidManifest.xml:17:1-22:12
MERGED from [com.android.support:support-core-utils:27.0.2] AndroidManifest.xml:17:1-22:12
MERGED from [com.android.support:animated-vector-drawable:27.0.2] AndroidManifest.xml:17:1-22:12
MERGED from [com.android.support:support-vector-drawable:27.0.2] AndroidManifest.xml:17:1-22:12
MERGED from [com.android.support:transition:27.0.2] AndroidManifest.xml:17:1-22:12
MERGED from [com.android.support:recyclerview-v7:27.0.2] AndroidManifest.xml:17:1-22:12
MERGED from [com.android.support:support-core-ui:27.0.2] AndroidManifest.xml:17:1-22:12
MERGED from [com.android.support:support-media-compat:27.0.2] AndroidManifest.xml:17:1-22:12
MERGED from [com.android.support:support-compat:27.0.2] AndroidManifest.xml:17:1-22:12
MERGED from [android.arch.lifecycle:runtime:1.0.3] AndroidManifest.xml:17:1-24:12
INJECTED from src\main\AndroidManifest.xml:2:1-39:12
INJECTED from src\main\AndroidManifest.xml:2:1-39:12
INJECTED from src\main\AndroidManifest.xml:2:1-39:12
	package
		ADDED from src\main\AndroidManifest.xml:3:5-53
		INJECTED from src\main\AndroidManifest.xml
		INJECTED from src\main\AndroidManifest.xml
	android:versionName
		INJECTED from src\main\AndroidManifest.xml
		ADDED from src\main\AndroidManifest.xml:2:1-39:12
		INJECTED from src\main\AndroidManifest.xml
	android:versionCode
		INJECTED from src\main\AndroidManifest.xml
		ADDED from src\main\AndroidManifest.xml:2:1-39:12
		INJECTED from src\main\AndroidManifest.xml
	xmlns:android
		ADDED from src\main\AndroidManifest.xml:2:11-69
	android:installLocation
		ADDED from src\main\AndroidManifest.xml:4:5-35
application
ADDED from src\main\AndroidManifest.xml:6:5-38:17
MERGED from [com.genexus:FlexibleClient:1.0] AndroidManifest.xml:15:5-101:19
MERGED from [com.genexus:FlexibleClient:1.0] AndroidManifest.xml:15:5-101:19
MERGED from [com.google.android.gms:play-services-gcm:11.4.0] AndroidManifest.xml:23:5-19
MERGED from [com.google.android.gms:play-services-gcm:11.4.0] AndroidManifest.xml:23:5-19
MERGED from [com.google.android.gms:play-services-location:11.4.0] AndroidManifest.xml:4:5-19
MERGED from [com.google.android.gms:play-services-location:11.4.0] AndroidManifest.xml:4:5-19
MERGED from [com.google.android.gms:play-services-places:11.4.0] AndroidManifest.xml:18:5-19
MERGED from [com.google.android.gms:play-services-places:11.4.0] AndroidManifest.xml:18:5-19
MERGED from [com.google.android.gms:play-services-maps:11.4.0] AndroidManifest.xml:24:5-19
MERGED from [com.google.android.gms:play-services-maps:11.4.0] AndroidManifest.xml:24:5-19
MERGED from [com.google.android.gms:play-services-iid:11.4.0] AndroidManifest.xml:23:5-19
MERGED from [com.google.android.gms:play-services-iid:11.4.0] AndroidManifest.xml:23:5-19
MERGED from [com.google.android.gms:play-services-base:11.4.0] AndroidManifest.xml:18:5-20:19
MERGED from [com.google.android.gms:play-services-base:11.4.0] AndroidManifest.xml:18:5-20:19
MERGED from [com.github.square.picasso:picasso:a2dd8804c6] AndroidManifest.xml:7:5-12:19
MERGED from [com.github.square.picasso:picasso:a2dd8804c6] AndroidManifest.xml:7:5-12:19
MERGED from [com.google.android.gms:play-services-tasks:11.4.0] AndroidManifest.xml:4:5-19
MERGED from [com.google.android.gms:play-services-tasks:11.4.0] AndroidManifest.xml:4:5-19
MERGED from [com.google.android.gms:play-services-basement:11.4.0] AndroidManifest.xml:19:5-21:19
MERGED from [com.google.android.gms:play-services-basement:11.4.0] AndroidManifest.xml:19:5-21:19
	android:label
		ADDED from src\main\AndroidManifest.xml:12:18-50
	android:hardwareAccelerated
		ADDED from src\main\AndroidManifest.xml:7:18-52
	android:resizeableActivity
		ADDED from src\main\AndroidManifest.xml:8:18-52
	android:icon
		ADDED from src\main\AndroidManifest.xml:11:18-50
	android:allowBackup
		ADDED from src\main\AndroidManifest.xml:9:18-45
	android:theme
		ADDED from src\main\AndroidManifest.xml:10:18-57
	android:name
		ADDED from src\main\AndroidManifest.xml:6:18-49
activity#com.artech.seriescolaborativas.sdlogin.Main
ADDED from src\main\AndroidManifest.xml:14:9-19:20
	android:label
		ADDED from src\main\AndroidManifest.xml:14:40-72
	android:name
		ADDED from src\main\AndroidManifest.xml:14:19-39
intent-filter#android.intent.action.MAIN+android.intent.category.LAUNCHER
ADDED from src\main\AndroidManifest.xml:15:13-18:29
action#android.intent.action.MAIN
ADDED from src\main\AndroidManifest.xml:16:17-69
	android:name
		ADDED from src\main\AndroidManifest.xml:16:25-66
category#android.intent.category.LAUNCHER
ADDED from src\main\AndroidManifest.xml:17:17-77
	android:name
		ADDED from src\main\AndroidManifest.xml:17:27-74
activity#com.artech.controls.maps.googlev2.LocationPickerActivity
ADDED from src\main\AndroidManifest.xml:21:9-93
MERGED from [com.genexus:FlexibleClient:1.0] AndroidManifest.xml:70:9-93
MERGED from [com.genexus:FlexibleClient:1.0] AndroidManifest.xml:70:9-93
	android:name
		ADDED from src\main\AndroidManifest.xml:21:19-90
provider#com.artech.seriescolaborativas.sdlogin.AppEntityDataProvider
ADDED from src\main\AndroidManifest.xml:24:9-201
	android:authorities
		ADDED from src\main\AndroidManifest.xml:24:120-198
	android:exported
		ADDED from src\main\AndroidManifest.xml:24:95-119
	android:name
		ADDED from src\main\AndroidManifest.xml:24:19-94
service#com.artech.seriescolaborativas.sdlogin.AppEntityService
ADDED from src\main\AndroidManifest.xml:27:9-114
	android:enabled
		ADDED from src\main\AndroidManifest.xml:27:18-40
	android:name
		ADDED from src\main\AndroidManifest.xml:27:41-111
activity#com.artech.android.gam.AuthRedirectActivity
ADDED from src\main\AndroidManifest.xml:29:9-36:20
MERGED from [com.genexus:FlexibleClient:1.0] AndroidManifest.xml:76:9-87:20
MERGED from [com.genexus:FlexibleClient:1.0] AndroidManifest.xml:76:9-87:20
	android:exported
		ADDED from src\main\AndroidManifest.xml:29:78-101
	android:name
		ADDED from src\main\AndroidManifest.xml:29:19-77
intent-filter#android.intent.action.VIEW+android.intent.category.BROWSABLE+android.intent.category.DEFAULT
ADDED from src\main\AndroidManifest.xml:30:13-35:29
action#android.intent.action.VIEW
ADDED from src\main\AndroidManifest.xml:31:17-68
	android:name
		ADDED from src\main\AndroidManifest.xml:31:25-66
category#android.intent.category.DEFAULT
ADDED from src\main\AndroidManifest.xml:32:17-75
	android:name
		ADDED from src\main\AndroidManifest.xml:32:27-73
category#android.intent.category.BROWSABLE
ADDED from src\main\AndroidManifest.xml:33:17-77
	android:name
		ADDED from src\main\AndroidManifest.xml:33:27-75
data
ADDED from src\main\AndroidManifest.xml:34:17-79
	android:scheme
		ADDED from src\main\AndroidManifest.xml:34:23-77
uses-sdk
INJECTED from src\main\AndroidManifest.xml reason: use-sdk injection requested
INJECTED from src\main\AndroidManifest.xml
INJECTED from src\main\AndroidManifest.xml
MERGED from [com.genexus:FlexibleClient:1.0] AndroidManifest.xml:6:5-9:62
MERGED from [com.genexus:FlexibleClient:1.0] AndroidManifest.xml:6:5-9:62
MERGED from [com.genexus:SqlDroidBase:1.0] AndroidManifest.xml:8:5-10:41
MERGED from [com.genexus:SqlDroidBase:1.0] AndroidManifest.xml:8:5-10:41
MERGED from [com.android.support:design:27.0.2] AndroidManifest.xml:20:5-44
MERGED from [com.android.support:design:27.0.2] AndroidManifest.xml:20:5-44
MERGED from [com.android.support:appcompat-v7:27.0.2] AndroidManifest.xml:20:5-44
MERGED from [com.android.support:appcompat-v7:27.0.2] AndroidManifest.xml:20:5-44
MERGED from [com.android.support:customtabs:27.0.2] AndroidManifest.xml:20:5-44
MERGED from [com.android.support:customtabs:27.0.2] AndroidManifest.xml:20:5-44
MERGED from [com.google.android.gms:play-services-gcm:11.4.0] AndroidManifest.xml:17:5-43
MERGED from [com.google.android.gms:play-services-gcm:11.4.0] AndroidManifest.xml:17:5-43
MERGED from [com.google.android.gms:play-services-location:11.4.0] AndroidManifest.xml:3:5-43
MERGED from [com.google.android.gms:play-services-location:11.4.0] AndroidManifest.xml:3:5-43
MERGED from [com.google.android.gms:play-services-places:11.4.0] AndroidManifest.xml:17:5-43
MERGED from [com.google.android.gms:play-services-places:11.4.0] AndroidManifest.xml:17:5-43
MERGED from [com.google.android.gms:play-services-maps:11.4.0] AndroidManifest.xml:23:5-43
MERGED from [com.google.android.gms:play-services-maps:11.4.0] AndroidManifest.xml:23:5-43
MERGED from [com.google.android.gms:play-services-iid:11.4.0] AndroidManifest.xml:17:5-43
MERGED from [com.google.android.gms:play-services-iid:11.4.0] AndroidManifest.xml:17:5-43
MERGED from [com.google.android.gms:play-services-base:11.4.0] AndroidManifest.xml:17:5-43
MERGED from [com.google.android.gms:play-services-base:11.4.0] AndroidManifest.xml:17:5-43
MERGED from [com.google.android:flexbox:0.3.0] AndroidManifest.xml:23:5-25:41
MERGED from [com.google.android:flexbox:0.3.0] AndroidManifest.xml:23:5-25:41
MERGED from [com.github.square.picasso:picasso:a2dd8804c6] AndroidManifest.xml:5:5-44
MERGED from [com.github.square.picasso:picasso:a2dd8804c6] AndroidManifest.xml:5:5-44
MERGED from [com.makeramen:roundedimageview:2.0.1] AndroidManifest.xml:7:5-9:41
MERGED from [com.makeramen:roundedimageview:2.0.1] AndroidManifest.xml:7:5-9:41
MERGED from [com.google.android.gms:play-services-tasks:11.4.0] AndroidManifest.xml:3:5-43
MERGED from [com.google.android.gms:play-services-tasks:11.4.0] AndroidManifest.xml:3:5-43
MERGED from [com.google.android.gms:play-services-basement:11.4.0] AndroidManifest.xml:17:5-43
MERGED from [com.google.android.gms:play-services-basement:11.4.0] AndroidManifest.xml:17:5-43
MERGED from [com.android.support:support-v4:27.0.2] AndroidManifest.xml:20:5-44
MERGED from [com.android.support:support-v4:27.0.2] AndroidManifest.xml:20:5-44
MERGED from [com.android.support:support-fragment:27.0.2] AndroidManifest.xml:20:5-44
MERGED from [com.android.support:support-fragment:27.0.2] AndroidManifest.xml:20:5-44
MERGED from [com.android.support:support-core-utils:27.0.2] AndroidManifest.xml:20:5-44
MERGED from [com.android.support:support-core-utils:27.0.2] AndroidManifest.xml:20:5-44
MERGED from [com.android.support:animated-vector-drawable:27.0.2] AndroidManifest.xml:20:5-44
MERGED from [com.android.support:animated-vector-drawable:27.0.2] AndroidManifest.xml:20:5-44
MERGED from [com.android.support:support-vector-drawable:27.0.2] AndroidManifest.xml:20:5-44
MERGED from [com.android.support:support-vector-drawable:27.0.2] AndroidManifest.xml:20:5-44
MERGED from [com.android.support:transition:27.0.2] AndroidManifest.xml:20:5-44
MERGED from [com.android.support:transition:27.0.2] AndroidManifest.xml:20:5-44
MERGED from [com.android.support:recyclerview-v7:27.0.2] AndroidManifest.xml:20:5-44
MERGED from [com.android.support:recyclerview-v7:27.0.2] AndroidManifest.xml:20:5-44
MERGED from [com.android.support:support-core-ui:27.0.2] AndroidManifest.xml:20:5-44
MERGED from [com.android.support:support-core-ui:27.0.2] AndroidManifest.xml:20:5-44
MERGED from [com.android.support:support-media-compat:27.0.2] AndroidManifest.xml:20:5-44
MERGED from [com.android.support:support-media-compat:27.0.2] AndroidManifest.xml:20:5-44
MERGED from [com.android.support:support-compat:27.0.2] AndroidManifest.xml:20:5-44
MERGED from [com.android.support:support-compat:27.0.2] AndroidManifest.xml:20:5-44
MERGED from [android.arch.lifecycle:runtime:1.0.3] AndroidManifest.xml:20:5-22:41
MERGED from [android.arch.lifecycle:runtime:1.0.3] AndroidManifest.xml:20:5-22:41
INJECTED from src\main\AndroidManifest.xml
INJECTED from src\main\AndroidManifest.xml
	tools:overrideLibrary
		ADDED from [com.genexus:FlexibleClient:1.0] AndroidManifest.xml:9:9-59
	android:targetSdkVersion
		INJECTED from src\main\AndroidManifest.xml
		ADDED from src\main\AndroidManifest.xml
		INJECTED from src\main\AndroidManifest.xml
	android:minSdkVersion
		INJECTED from src\main\AndroidManifest.xml
		ADDED from src\main\AndroidManifest.xml
		INJECTED from src\main\AndroidManifest.xml
uses-permission#android.permission.INTERNET
ADDED from [com.genexus:FlexibleClient:1.0] AndroidManifest.xml:11:5-67
MERGED from [com.google.android.gms:play-services-gcm:11.4.0] AndroidManifest.xml:21:5-66
MERGED from [com.google.android.gms:play-services-gcm:11.4.0] AndroidManifest.xml:21:5-66
MERGED from [com.google.android.gms:play-services-maps:11.4.0] AndroidManifest.xml:20:5-66
MERGED from [com.google.android.gms:play-services-maps:11.4.0] AndroidManifest.xml:20:5-66
MERGED from [com.google.android.gms:play-services-iid:11.4.0] AndroidManifest.xml:21:5-66
MERGED from [com.google.android.gms:play-services-iid:11.4.0] AndroidManifest.xml:21:5-66
	android:name
		ADDED from [com.genexus:FlexibleClient:1.0] AndroidManifest.xml:11:22-64
uses-permission#android.permission.ACCESS_NETWORK_STATE
ADDED from [com.genexus:FlexibleClient:1.0] AndroidManifest.xml:12:5-79
MERGED from [com.google.android.gms:play-services-maps:11.4.0] AndroidManifest.xml:19:5-78
MERGED from [com.google.android.gms:play-services-maps:11.4.0] AndroidManifest.xml:19:5-78
	android:name
		ADDED from [com.genexus:FlexibleClient:1.0] AndroidManifest.xml:12:22-76
uses-permission#android.permission.WRITE_EXTERNAL_STORAGE
ADDED from [com.genexus:FlexibleClient:1.0] AndroidManifest.xml:13:5-81
	android:name
		ADDED from [com.genexus:FlexibleClient:1.0] AndroidManifest.xml:13:22-78
activity#com.artech.activities.GenexusActivity
ADDED from [com.genexus:FlexibleClient:1.0] AndroidManifest.xml:18:9-25:20
	android:label
		ADDED from [com.genexus:FlexibleClient:1.0] AndroidManifest.xml:20:13-45
	android:windowSoftInputMode
		ADDED from [com.genexus:FlexibleClient:1.0] AndroidManifest.xml:21:13-73
	android:name
		ADDED from [com.genexus:FlexibleClient:1.0] AndroidManifest.xml:19:13-65
meta-data#android.app.default_searchable
ADDED from [com.genexus:FlexibleClient:1.0] AndroidManifest.xml:22:13-24:76
	android:value
		ADDED from [com.genexus:FlexibleClient:1.0] AndroidManifest.xml:24:17-73
	android:name
		ADDED from [com.genexus:FlexibleClient:1.0] AndroidManifest.xml:23:17-62
activity#com.artech.activities.SearchStubActivity
ADDED from [com.genexus:FlexibleClient:1.0] AndroidManifest.xml:26:9-40:20
	android:exported
		ADDED from [com.genexus:FlexibleClient:1.0] AndroidManifest.xml:28:13-37
	android:name
		ADDED from [com.genexus:FlexibleClient:1.0] AndroidManifest.xml:27:13-68
intent-filter#android.intent.action.SEARCH+android.intent.category.DEFAULT
ADDED from [com.genexus:FlexibleClient:1.0] AndroidManifest.xml:31:13-35:29
action#android.intent.action.SEARCH
ADDED from [com.genexus:FlexibleClient:1.0] AndroidManifest.xml:32:17-71
	android:name
		ADDED from [com.genexus:FlexibleClient:1.0] AndroidManifest.xml:32:25-68
meta-data#android.app.searchable
ADDED from [com.genexus:FlexibleClient:1.0] AndroidManifest.xml:37:13-39:54
	android:resource
		ADDED from [com.genexus:FlexibleClient:1.0] AndroidManifest.xml:39:17-51
	android:name
		ADDED from [com.genexus:FlexibleClient:1.0] AndroidManifest.xml:38:17-54
activity#com.artech.activities.dashboard.DashboardActivity
ADDED from [com.genexus:FlexibleClient:1.0] AndroidManifest.xml:41:9-43:48
	android:label
		ADDED from [com.genexus:FlexibleClient:1.0] AndroidManifest.xml:43:13-45
	android:name
		ADDED from [com.genexus:FlexibleClient:1.0] AndroidManifest.xml:42:13-77
activity#com.artech.activities.BTDeviceList
ADDED from [com.genexus:FlexibleClient:1.0] AndroidManifest.xml:44:9-71
	android:name
		ADDED from [com.genexus:FlexibleClient:1.0] AndroidManifest.xml:44:19-68
activity#com.artech.activities.WebViewActivity
ADDED from [com.genexus:FlexibleClient:1.0] AndroidManifest.xml:45:9-48:20
	android:label
		ADDED from [com.genexus:FlexibleClient:1.0] AndroidManifest.xml:47:13-48
	android:name
		ADDED from [com.genexus:FlexibleClient:1.0] AndroidManifest.xml:46:13-65
activity#com.artech.activities.VideoViewActivity
ADDED from [com.genexus:FlexibleClient:1.0] AndroidManifest.xml:49:9-52:20
	android:label
		ADDED from [com.genexus:FlexibleClient:1.0] AndroidManifest.xml:51:13-48
	android:name
		ADDED from [com.genexus:FlexibleClient:1.0] AndroidManifest.xml:50:13-67
activity#com.artech.application.Preferences
ADDED from [com.genexus:FlexibleClient:1.0] AndroidManifest.xml:53:9-56:20
	android:label
		ADDED from [com.genexus:FlexibleClient:1.0] AndroidManifest.xml:55:13-52
	android:name
		ADDED from [com.genexus:FlexibleClient:1.0] AndroidManifest.xml:54:13-62
activity#com.artech.activities.FiltersActivity
ADDED from [com.genexus:FlexibleClient:1.0] AndroidManifest.xml:57:9-60:20
	android:label
		ADDED from [com.genexus:FlexibleClient:1.0] AndroidManifest.xml:59:13-47
	android:name
		ADDED from [com.genexus:FlexibleClient:1.0] AndroidManifest.xml:58:13-65
activity#com.artech.activities.DetailFiltersActivity
ADDED from [com.genexus:FlexibleClient:1.0] AndroidManifest.xml:61:9-64:20
	android:label
		ADDED from [com.genexus:FlexibleClient:1.0] AndroidManifest.xml:63:13-47
	android:name
		ADDED from [com.genexus:FlexibleClient:1.0] AndroidManifest.xml:62:13-71
activity#com.artech.activities.SearchResultsActivity
ADDED from [com.genexus:FlexibleClient:1.0] AndroidManifest.xml:65:9-69:20
	android:name
		ADDED from [com.genexus:FlexibleClient:1.0] AndroidManifest.xml:65:19-77
activity#com.artech.android.gam.AuthManagementActivity
ADDED from [com.genexus:FlexibleClient:1.0] AndroidManifest.xml:71:9-75:75
	android:launchMode
		ADDED from [com.genexus:FlexibleClient:1.0] AndroidManifest.xml:74:13-44
	android:exported
		ADDED from [com.genexus:FlexibleClient:1.0] AndroidManifest.xml:73:13-37
	android:theme
		ADDED from [com.genexus:FlexibleClient:1.0] AndroidManifest.xml:75:13-72
	android:name
		ADDED from [com.genexus:FlexibleClient:1.0] AndroidManifest.xml:72:13-73
receiver#com.artech.android.notification.NotificationAlarm
ADDED from [com.genexus:FlexibleClient:1.0] AndroidManifest.xml:89:9-86
	android:name
		ADDED from [com.genexus:FlexibleClient:1.0] AndroidManifest.xml:89:19-83
receiver#com.artech.android.api.LocationFusedProviderReceiver
ADDED from [com.genexus:FlexibleClient:1.0] AndroidManifest.xml:90:9-89
	android:name
		ADDED from [com.genexus:FlexibleClient:1.0] AndroidManifest.xml:90:19-86
provider#com.artech.android.content.CustomFileProvider
ADDED from [com.genexus:FlexibleClient:1.0] AndroidManifest.xml:92:9-100:20
	android:grantUriPermissions
		ADDED from [com.genexus:FlexibleClient:1.0] AndroidManifest.xml:96:13-47
	android:authorities
		ADDED from [com.genexus:FlexibleClient:1.0] AndroidManifest.xml:94:13-65
	android:exported
		ADDED from [com.genexus:FlexibleClient:1.0] AndroidManifest.xml:95:13-37
	android:name
		ADDED from [com.genexus:FlexibleClient:1.0] AndroidManifest.xml:93:13-73
meta-data#android.support.FILE_PROVIDER_PATHS
ADDED from [com.genexus:FlexibleClient:1.0] AndroidManifest.xml:97:13-99:56
	android:resource
		ADDED from [com.genexus:FlexibleClient:1.0] AndroidManifest.xml:99:17-53
	android:name
		ADDED from [com.genexus:FlexibleClient:1.0] AndroidManifest.xml:98:17-67
uses-permission#com.google.android.c2dm.permission.RECEIVE
ADDED from [com.google.android.gms:play-services-gcm:11.4.0] AndroidManifest.xml:20:5-81
MERGED from [com.google.android.gms:play-services-iid:11.4.0] AndroidManifest.xml:20:5-81
MERGED from [com.google.android.gms:play-services-iid:11.4.0] AndroidManifest.xml:20:5-81
	android:name
		ADDED from [com.google.android.gms:play-services-gcm:11.4.0] AndroidManifest.xml:20:22-79
uses-feature#0x00020000
ADDED from [com.google.android.gms:play-services-maps:11.4.0] AndroidManifest.xml:21:5-77
	android:glEsVersion
		ADDED from [com.google.android.gms:play-services-maps:11.4.0] AndroidManifest.xml:21:19-51
	android:required
		ADDED from [com.google.android.gms:play-services-maps:11.4.0] AndroidManifest.xml:21:52-75
activity#com.google.android.gms.common.api.GoogleApiActivity
ADDED from [com.google.android.gms:play-services-base:11.4.0] AndroidManifest.xml:19:9-172
	android:exported
		ADDED from [com.google.android.gms:play-services-base:11.4.0] AndroidManifest.xml:19:146-170
	android:theme
		ADDED from [com.google.android.gms:play-services-base:11.4.0] AndroidManifest.xml:19:86-145
	android:name
		ADDED from [com.google.android.gms:play-services-base:11.4.0] AndroidManifest.xml:19:19-85
provider#com.squareup.picasso.PicassoProvider
ADDED from [com.github.square.picasso:picasso:a2dd8804c6] AndroidManifest.xml:8:9-11:40
	android:authorities
		ADDED from [com.github.square.picasso:picasso:a2dd8804c6] AndroidManifest.xml:10:13-72
	android:exported
		ADDED from [com.github.square.picasso:picasso:a2dd8804c6] AndroidManifest.xml:11:13-37
	android:name
		ADDED from [com.github.square.picasso:picasso:a2dd8804c6] AndroidManifest.xml:9:13-64
meta-data#com.google.android.gms.version
ADDED from [com.google.android.gms:play-services-basement:11.4.0] AndroidManifest.xml:20:9-121
	android:value
		ADDED from [com.google.android.gms:play-services-basement:11.4.0] AndroidManifest.xml:20:66-119
	android:name
		ADDED from [com.google.android.gms:play-services-basement:11.4.0] AndroidManifest.xml:20:20-65